   0  $accept : %entry% $end

   1  parsermain : term EOF

   2  term : INT
   3       | LANGUAGE
   4       | STRING
   5       | IDENT
   6       | COMMENT term
   7       | BEGIN term FINISH term
   8       | BEGIN term FINISH
   9       | LPAREN term PLUS term RPAREN
  10       | LPAREN term MINUS term RPAREN
  11       | LPAREN term LESS term RPAREN
  12       | LPAREN term GREATER term RPAREN
  13       | LPAREN term EQUALS term RPAREN
  14       | LPAREN COND term THEN term ELSE term RPAREN
  15       | LPAREN FUNCT IDENT IDENT FARROW term IN term RPAREN
  16       | LPAREN FUNCT IDENT IDENT IDENT FARROW term IN term RPAREN
  17       | LPAREN FUNCT IDENT IDENT IDENT IDENT FARROW term IN term RPAREN
  18       | LPAREN term term RPAREN
  19       | LPAREN term term term RPAREN
  20       | LPAREN term term term term RPAREN
  21       | LPAREN VAR IDENT EQUAL term IN term RPAREN
  22       | LPAREN HEAD term RPAREN
  23       | LPAREN TAIL term RPAREN
  24       | LPAREN UNION term term RPAREN
  25       | LPAREN APPEND term term RPAREN
  26       | LPAREN CONS term term RPAREN
  27       | LPAREN CONCAT term term RPAREN
  28       | LPAREN LENGTH term RPAREN
  29       | LPAREN SIZE term RPAREN
  30       | LPAREN SORT term RPAREN
  31       | LPAREN UNIQ term RPAREN
  32       | LPAREN CAP term term RPAREN

  33  %entry% : '\001' parsermain

state 0
	$accept : . %entry% $end  (0)

	'\001'  shift 1
	.  error

	%entry%  goto 2


state 1
	%entry% : '\001' . parsermain  (33)

	INT  shift 3
	LANGUAGE  shift 4
	STRING  shift 5
	IDENT  shift 6
	COMMENT  shift 7
	BEGIN  shift 8
	LPAREN  shift 9
	.  error

	parsermain  goto 10
	term  goto 11


state 2
	$accept : %entry% . $end  (0)

	$end  accept


state 3
	term : INT .  (2)

	.  reduce 2


state 4
	term : LANGUAGE .  (3)

	.  reduce 3


state 5
	term : STRING .  (4)

	.  reduce 4


state 6
	term : IDENT .  (5)

	.  reduce 5


state 7
	term : COMMENT . term  (6)

	INT  shift 3
	LANGUAGE  shift 4
	STRING  shift 5
	IDENT  shift 6
	COMMENT  shift 7
	BEGIN  shift 8
	LPAREN  shift 9
	.  error

	term  goto 12


state 8
	term : BEGIN . term FINISH term  (7)
	term : BEGIN . term FINISH  (8)

	INT  shift 3
	LANGUAGE  shift 4
	STRING  shift 5
	IDENT  shift 6
	COMMENT  shift 7
	BEGIN  shift 8
	LPAREN  shift 9
	.  error

	term  goto 13


state 9
	term : LPAREN . term PLUS term RPAREN  (9)
	term : LPAREN . term MINUS term RPAREN  (10)
	term : LPAREN . term LESS term RPAREN  (11)
	term : LPAREN . term GREATER term RPAREN  (12)
	term : LPAREN . term EQUALS term RPAREN  (13)
	term : LPAREN . COND term THEN term ELSE term RPAREN  (14)
	term : LPAREN . FUNCT IDENT IDENT FARROW term IN term RPAREN  (15)
	term : LPAREN . FUNCT IDENT IDENT IDENT FARROW term IN term RPAREN  (16)
	term : LPAREN . FUNCT IDENT IDENT IDENT IDENT FARROW term IN term RPAREN  (17)
	term : LPAREN . term term RPAREN  (18)
	term : LPAREN . term term term RPAREN  (19)
	term : LPAREN . term term term term RPAREN  (20)
	term : LPAREN . VAR IDENT EQUAL term IN term RPAREN  (21)
	term : LPAREN . HEAD term RPAREN  (22)
	term : LPAREN . TAIL term RPAREN  (23)
	term : LPAREN . UNION term term RPAREN  (24)
	term : LPAREN . APPEND term term RPAREN  (25)
	term : LPAREN . CONS term term RPAREN  (26)
	term : LPAREN . CONCAT term term RPAREN  (27)
	term : LPAREN . LENGTH term RPAREN  (28)
	term : LPAREN . SIZE term RPAREN  (29)
	term : LPAREN . SORT term RPAREN  (30)
	term : LPAREN . UNIQ term RPAREN  (31)
	term : LPAREN . CAP term term RPAREN  (32)

	INT  shift 3
	LANGUAGE  shift 4
	STRING  shift 5
	IDENT  shift 6
	COMMENT  shift 7
	BEGIN  shift 8
	COND  shift 14
	LPAREN  shift 9
	HEAD  shift 15
	TAIL  shift 16
	UNION  shift 17
	APPEND  shift 18
	CONS  shift 19
	SORT  shift 20
	UNIQ  shift 21
	CAP  shift 22
	SIZE  shift 23
	FUNCT  shift 24
	VAR  shift 25
	CONCAT  shift 26
	LENGTH  shift 27
	.  error

	term  goto 28


state 10
	%entry% : '\001' parsermain .  (33)

	.  reduce 33


state 11
	parsermain : term . EOF  (1)

	EOF  shift 29
	.  error


state 12
	term : COMMENT term .  (6)

	.  reduce 6


state 13
	term : BEGIN term . FINISH term  (7)
	term : BEGIN term . FINISH  (8)

	FINISH  shift 30
	.  error


state 14
	term : LPAREN COND . term THEN term ELSE term RPAREN  (14)

	INT  shift 3
	LANGUAGE  shift 4
	STRING  shift 5
	IDENT  shift 6
	COMMENT  shift 7
	BEGIN  shift 8
	LPAREN  shift 9
	.  error

	term  goto 31


state 15
	term : LPAREN HEAD . term RPAREN  (22)

	INT  shift 3
	LANGUAGE  shift 4
	STRING  shift 5
	IDENT  shift 6
	COMMENT  shift 7
	BEGIN  shift 8
	LPAREN  shift 9
	.  error

	term  goto 32


state 16
	term : LPAREN TAIL . term RPAREN  (23)

	INT  shift 3
	LANGUAGE  shift 4
	STRING  shift 5
	IDENT  shift 6
	COMMENT  shift 7
	BEGIN  shift 8
	LPAREN  shift 9
	.  error

	term  goto 33


state 17
	term : LPAREN UNION . term term RPAREN  (24)

	INT  shift 3
	LANGUAGE  shift 4
	STRING  shift 5
	IDENT  shift 6
	COMMENT  shift 7
	BEGIN  shift 8
	LPAREN  shift 9
	.  error

	term  goto 34


state 18
	term : LPAREN APPEND . term term RPAREN  (25)

	INT  shift 3
	LANGUAGE  shift 4
	STRING  shift 5
	IDENT  shift 6
	COMMENT  shift 7
	BEGIN  shift 8
	LPAREN  shift 9
	.  error

	term  goto 35


state 19
	term : LPAREN CONS . term term RPAREN  (26)

	INT  shift 3
	LANGUAGE  shift 4
	STRING  shift 5
	IDENT  shift 6
	COMMENT  shift 7
	BEGIN  shift 8
	LPAREN  shift 9
	.  error

	term  goto 36


state 20
	term : LPAREN SORT . term RPAREN  (30)

	INT  shift 3
	LANGUAGE  shift 4
	STRING  shift 5
	IDENT  shift 6
	COMMENT  shift 7
	BEGIN  shift 8
	LPAREN  shift 9
	.  error

	term  goto 37


state 21
	term : LPAREN UNIQ . term RPAREN  (31)

	INT  shift 3
	LANGUAGE  shift 4
	STRING  shift 5
	IDENT  shift 6
	COMMENT  shift 7
	BEGIN  shift 8
	LPAREN  shift 9
	.  error

	term  goto 38


state 22
	term : LPAREN CAP . term term RPAREN  (32)

	INT  shift 3
	LANGUAGE  shift 4
	STRING  shift 5
	IDENT  shift 6
	COMMENT  shift 7
	BEGIN  shift 8
	LPAREN  shift 9
	.  error

	term  goto 39


state 23
	term : LPAREN SIZE . term RPAREN  (29)

	INT  shift 3
	LANGUAGE  shift 4
	STRING  shift 5
	IDENT  shift 6
	COMMENT  shift 7
	BEGIN  shift 8
	LPAREN  shift 9
	.  error

	term  goto 40


state 24
	term : LPAREN FUNCT . IDENT IDENT FARROW term IN term RPAREN  (15)
	term : LPAREN FUNCT . IDENT IDENT IDENT FARROW term IN term RPAREN  (16)
	term : LPAREN FUNCT . IDENT IDENT IDENT IDENT FARROW term IN term RPAREN  (17)

	IDENT  shift 41
	.  error


state 25
	term : LPAREN VAR . IDENT EQUAL term IN term RPAREN  (21)

	IDENT  shift 42
	.  error


state 26
	term : LPAREN CONCAT . term term RPAREN  (27)

	INT  shift 3
	LANGUAGE  shift 4
	STRING  shift 5
	IDENT  shift 6
	COMMENT  shift 7
	BEGIN  shift 8
	LPAREN  shift 9
	.  error

	term  goto 43


state 27
	term : LPAREN LENGTH . term RPAREN  (28)

	INT  shift 3
	LANGUAGE  shift 4
	STRING  shift 5
	IDENT  shift 6
	COMMENT  shift 7
	BEGIN  shift 8
	LPAREN  shift 9
	.  error

	term  goto 44


state 28
	term : LPAREN term . PLUS term RPAREN  (9)
	term : LPAREN term . MINUS term RPAREN  (10)
	term : LPAREN term . LESS term RPAREN  (11)
	term : LPAREN term . GREATER term RPAREN  (12)
	term : LPAREN term . EQUALS term RPAREN  (13)
	term : LPAREN term . term RPAREN  (18)
	term : LPAREN term . term term RPAREN  (19)
	term : LPAREN term . term term term RPAREN  (20)

	INT  shift 3
	LANGUAGE  shift 4
	STRING  shift 5
	IDENT  shift 6
	COMMENT  shift 7
	BEGIN  shift 8
	PLUS  shift 45
	MINUS  shift 46
	LESS  shift 47
	GREATER  shift 48
	EQUALS  shift 49
	LPAREN  shift 9
	.  error

	term  goto 50


state 29
	parsermain : term EOF .  (1)

	.  reduce 1


30: shift/reduce conflict (shift 3, reduce 8) on INT
30: shift/reduce conflict (shift 4, reduce 8) on LANGUAGE
30: shift/reduce conflict (shift 5, reduce 8) on STRING
30: shift/reduce conflict (shift 6, reduce 8) on IDENT
30: shift/reduce conflict (shift 7, reduce 8) on COMMENT
30: shift/reduce conflict (shift 8, reduce 8) on BEGIN
30: shift/reduce conflict (shift 9, reduce 8) on LPAREN
state 30
	term : BEGIN term FINISH . term  (7)
	term : BEGIN term FINISH .  (8)

	INT  shift 3
	LANGUAGE  shift 4
	STRING  shift 5
	IDENT  shift 6
	COMMENT  shift 7
	BEGIN  shift 8
	LPAREN  shift 9
	FINISH  reduce 8
	PLUS  reduce 8
	MINUS  reduce 8
	LESS  reduce 8
	GREATER  reduce 8
	EQUALS  reduce 8
	THEN  reduce 8
	ELSE  reduce 8
	RPAREN  reduce 8
	IN  reduce 8
	EOF  reduce 8

	term  goto 51


state 31
	term : LPAREN COND term . THEN term ELSE term RPAREN  (14)

	THEN  shift 52
	.  error


state 32
	term : LPAREN HEAD term . RPAREN  (22)

	RPAREN  shift 53
	.  error


state 33
	term : LPAREN TAIL term . RPAREN  (23)

	RPAREN  shift 54
	.  error


state 34
	term : LPAREN UNION term . term RPAREN  (24)

	INT  shift 3
	LANGUAGE  shift 4
	STRING  shift 5
	IDENT  shift 6
	COMMENT  shift 7
	BEGIN  shift 8
	LPAREN  shift 9
	.  error

	term  goto 55


state 35
	term : LPAREN APPEND term . term RPAREN  (25)

	INT  shift 3
	LANGUAGE  shift 4
	STRING  shift 5
	IDENT  shift 6
	COMMENT  shift 7
	BEGIN  shift 8
	LPAREN  shift 9
	.  error

	term  goto 56


state 36
	term : LPAREN CONS term . term RPAREN  (26)

	INT  shift 3
	LANGUAGE  shift 4
	STRING  shift 5
	IDENT  shift 6
	COMMENT  shift 7
	BEGIN  shift 8
	LPAREN  shift 9
	.  error

	term  goto 57


state 37
	term : LPAREN SORT term . RPAREN  (30)

	RPAREN  shift 58
	.  error


state 38
	term : LPAREN UNIQ term . RPAREN  (31)

	RPAREN  shift 59
	.  error


state 39
	term : LPAREN CAP term . term RPAREN  (32)

	INT  shift 3
	LANGUAGE  shift 4
	STRING  shift 5
	IDENT  shift 6
	COMMENT  shift 7
	BEGIN  shift 8
	LPAREN  shift 9
	.  error

	term  goto 60


state 40
	term : LPAREN SIZE term . RPAREN  (29)

	RPAREN  shift 61
	.  error


state 41
	term : LPAREN FUNCT IDENT . IDENT FARROW term IN term RPAREN  (15)
	term : LPAREN FUNCT IDENT . IDENT IDENT FARROW term IN term RPAREN  (16)
	term : LPAREN FUNCT IDENT . IDENT IDENT IDENT FARROW term IN term RPAREN  (17)

	IDENT  shift 62
	.  error


state 42
	term : LPAREN VAR IDENT . EQUAL term IN term RPAREN  (21)

	EQUAL  shift 63
	.  error


state 43
	term : LPAREN CONCAT term . term RPAREN  (27)

	INT  shift 3
	LANGUAGE  shift 4
	STRING  shift 5
	IDENT  shift 6
	COMMENT  shift 7
	BEGIN  shift 8
	LPAREN  shift 9
	.  error

	term  goto 64


state 44
	term : LPAREN LENGTH term . RPAREN  (28)

	RPAREN  shift 65
	.  error


state 45
	term : LPAREN term PLUS . term RPAREN  (9)

	INT  shift 3
	LANGUAGE  shift 4
	STRING  shift 5
	IDENT  shift 6
	COMMENT  shift 7
	BEGIN  shift 8
	LPAREN  shift 9
	.  error

	term  goto 66


state 46
	term : LPAREN term MINUS . term RPAREN  (10)

	INT  shift 3
	LANGUAGE  shift 4
	STRING  shift 5
	IDENT  shift 6
	COMMENT  shift 7
	BEGIN  shift 8
	LPAREN  shift 9
	.  error

	term  goto 67


state 47
	term : LPAREN term LESS . term RPAREN  (11)

	INT  shift 3
	LANGUAGE  shift 4
	STRING  shift 5
	IDENT  shift 6
	COMMENT  shift 7
	BEGIN  shift 8
	LPAREN  shift 9
	.  error

	term  goto 68


state 48
	term : LPAREN term GREATER . term RPAREN  (12)

	INT  shift 3
	LANGUAGE  shift 4
	STRING  shift 5
	IDENT  shift 6
	COMMENT  shift 7
	BEGIN  shift 8
	LPAREN  shift 9
	.  error

	term  goto 69


state 49
	term : LPAREN term EQUALS . term RPAREN  (13)

	INT  shift 3
	LANGUAGE  shift 4
	STRING  shift 5
	IDENT  shift 6
	COMMENT  shift 7
	BEGIN  shift 8
	LPAREN  shift 9
	.  error

	term  goto 70


state 50
	term : LPAREN term term . RPAREN  (18)
	term : LPAREN term term . term RPAREN  (19)
	term : LPAREN term term . term term RPAREN  (20)

	INT  shift 3
	LANGUAGE  shift 4
	STRING  shift 5
	IDENT  shift 6
	COMMENT  shift 7
	BEGIN  shift 8
	LPAREN  shift 9
	RPAREN  shift 71
	.  error

	term  goto 72


state 51
	term : BEGIN term FINISH term .  (7)

	.  reduce 7


state 52
	term : LPAREN COND term THEN . term ELSE term RPAREN  (14)

	INT  shift 3
	LANGUAGE  shift 4
	STRING  shift 5
	IDENT  shift 6
	COMMENT  shift 7
	BEGIN  shift 8
	LPAREN  shift 9
	.  error

	term  goto 73


state 53
	term : LPAREN HEAD term RPAREN .  (22)

	.  reduce 22


state 54
	term : LPAREN TAIL term RPAREN .  (23)

	.  reduce 23


state 55
	term : LPAREN UNION term term . RPAREN  (24)

	RPAREN  shift 74
	.  error


state 56
	term : LPAREN APPEND term term . RPAREN  (25)

	RPAREN  shift 75
	.  error


state 57
	term : LPAREN CONS term term . RPAREN  (26)

	RPAREN  shift 76
	.  error


state 58
	term : LPAREN SORT term RPAREN .  (30)

	.  reduce 30


state 59
	term : LPAREN UNIQ term RPAREN .  (31)

	.  reduce 31


state 60
	term : LPAREN CAP term term . RPAREN  (32)

	RPAREN  shift 77
	.  error


state 61
	term : LPAREN SIZE term RPAREN .  (29)

	.  reduce 29


state 62
	term : LPAREN FUNCT IDENT IDENT . FARROW term IN term RPAREN  (15)
	term : LPAREN FUNCT IDENT IDENT . IDENT FARROW term IN term RPAREN  (16)
	term : LPAREN FUNCT IDENT IDENT . IDENT IDENT FARROW term IN term RPAREN  (17)

	IDENT  shift 78
	FARROW  shift 79
	.  error


state 63
	term : LPAREN VAR IDENT EQUAL . term IN term RPAREN  (21)

	INT  shift 3
	LANGUAGE  shift 4
	STRING  shift 5
	IDENT  shift 6
	COMMENT  shift 7
	BEGIN  shift 8
	LPAREN  shift 9
	.  error

	term  goto 80


state 64
	term : LPAREN CONCAT term term . RPAREN  (27)

	RPAREN  shift 81
	.  error


state 65
	term : LPAREN LENGTH term RPAREN .  (28)

	.  reduce 28


state 66
	term : LPAREN term PLUS term . RPAREN  (9)

	RPAREN  shift 82
	.  error


state 67
	term : LPAREN term MINUS term . RPAREN  (10)

	RPAREN  shift 83
	.  error


state 68
	term : LPAREN term LESS term . RPAREN  (11)

	RPAREN  shift 84
	.  error


state 69
	term : LPAREN term GREATER term . RPAREN  (12)

	RPAREN  shift 85
	.  error


state 70
	term : LPAREN term EQUALS term . RPAREN  (13)

	RPAREN  shift 86
	.  error


state 71
	term : LPAREN term term RPAREN .  (18)

	.  reduce 18


state 72
	term : LPAREN term term term . RPAREN  (19)
	term : LPAREN term term term . term RPAREN  (20)

	INT  shift 3
	LANGUAGE  shift 4
	STRING  shift 5
	IDENT  shift 6
	COMMENT  shift 7
	BEGIN  shift 8
	LPAREN  shift 9
	RPAREN  shift 87
	.  error

	term  goto 88


state 73
	term : LPAREN COND term THEN term . ELSE term RPAREN  (14)

	ELSE  shift 89
	.  error


state 74
	term : LPAREN UNION term term RPAREN .  (24)

	.  reduce 24


state 75
	term : LPAREN APPEND term term RPAREN .  (25)

	.  reduce 25


state 76
	term : LPAREN CONS term term RPAREN .  (26)

	.  reduce 26


state 77
	term : LPAREN CAP term term RPAREN .  (32)

	.  reduce 32


state 78
	term : LPAREN FUNCT IDENT IDENT IDENT . FARROW term IN term RPAREN  (16)
	term : LPAREN FUNCT IDENT IDENT IDENT . IDENT FARROW term IN term RPAREN  (17)

	IDENT  shift 90
	FARROW  shift 91
	.  error


state 79
	term : LPAREN FUNCT IDENT IDENT FARROW . term IN term RPAREN  (15)

	INT  shift 3
	LANGUAGE  shift 4
	STRING  shift 5
	IDENT  shift 6
	COMMENT  shift 7
	BEGIN  shift 8
	LPAREN  shift 9
	.  error

	term  goto 92


state 80
	term : LPAREN VAR IDENT EQUAL term . IN term RPAREN  (21)

	IN  shift 93
	.  error


state 81
	term : LPAREN CONCAT term term RPAREN .  (27)

	.  reduce 27


state 82
	term : LPAREN term PLUS term RPAREN .  (9)

	.  reduce 9


state 83
	term : LPAREN term MINUS term RPAREN .  (10)

	.  reduce 10


state 84
	term : LPAREN term LESS term RPAREN .  (11)

	.  reduce 11


state 85
	term : LPAREN term GREATER term RPAREN .  (12)

	.  reduce 12


state 86
	term : LPAREN term EQUALS term RPAREN .  (13)

	.  reduce 13


state 87
	term : LPAREN term term term RPAREN .  (19)

	.  reduce 19


state 88
	term : LPAREN term term term term . RPAREN  (20)

	RPAREN  shift 94
	.  error


state 89
	term : LPAREN COND term THEN term ELSE . term RPAREN  (14)

	INT  shift 3
	LANGUAGE  shift 4
	STRING  shift 5
	IDENT  shift 6
	COMMENT  shift 7
	BEGIN  shift 8
	LPAREN  shift 9
	.  error

	term  goto 95


state 90
	term : LPAREN FUNCT IDENT IDENT IDENT IDENT . FARROW term IN term RPAREN  (17)

	FARROW  shift 96
	.  error


state 91
	term : LPAREN FUNCT IDENT IDENT IDENT FARROW . term IN term RPAREN  (16)

	INT  shift 3
	LANGUAGE  shift 4
	STRING  shift 5
	IDENT  shift 6
	COMMENT  shift 7
	BEGIN  shift 8
	LPAREN  shift 9
	.  error

	term  goto 97


state 92
	term : LPAREN FUNCT IDENT IDENT FARROW term . IN term RPAREN  (15)

	IN  shift 98
	.  error


state 93
	term : LPAREN VAR IDENT EQUAL term IN . term RPAREN  (21)

	INT  shift 3
	LANGUAGE  shift 4
	STRING  shift 5
	IDENT  shift 6
	COMMENT  shift 7
	BEGIN  shift 8
	LPAREN  shift 9
	.  error

	term  goto 99


state 94
	term : LPAREN term term term term RPAREN .  (20)

	.  reduce 20


state 95
	term : LPAREN COND term THEN term ELSE term . RPAREN  (14)

	RPAREN  shift 100
	.  error


state 96
	term : LPAREN FUNCT IDENT IDENT IDENT IDENT FARROW . term IN term RPAREN  (17)

	INT  shift 3
	LANGUAGE  shift 4
	STRING  shift 5
	IDENT  shift 6
	COMMENT  shift 7
	BEGIN  shift 8
	LPAREN  shift 9
	.  error

	term  goto 101


state 97
	term : LPAREN FUNCT IDENT IDENT IDENT FARROW term . IN term RPAREN  (16)

	IN  shift 102
	.  error


state 98
	term : LPAREN FUNCT IDENT IDENT FARROW term IN . term RPAREN  (15)

	INT  shift 3
	LANGUAGE  shift 4
	STRING  shift 5
	IDENT  shift 6
	COMMENT  shift 7
	BEGIN  shift 8
	LPAREN  shift 9
	.  error

	term  goto 103


state 99
	term : LPAREN VAR IDENT EQUAL term IN term . RPAREN  (21)

	RPAREN  shift 104
	.  error


state 100
	term : LPAREN COND term THEN term ELSE term RPAREN .  (14)

	.  reduce 14


state 101
	term : LPAREN FUNCT IDENT IDENT IDENT IDENT FARROW term . IN term RPAREN  (17)

	IN  shift 105
	.  error


state 102
	term : LPAREN FUNCT IDENT IDENT IDENT FARROW term IN . term RPAREN  (16)

	INT  shift 3
	LANGUAGE  shift 4
	STRING  shift 5
	IDENT  shift 6
	COMMENT  shift 7
	BEGIN  shift 8
	LPAREN  shift 9
	.  error

	term  goto 106


state 103
	term : LPAREN FUNCT IDENT IDENT FARROW term IN term . RPAREN  (15)

	RPAREN  shift 107
	.  error


state 104
	term : LPAREN VAR IDENT EQUAL term IN term RPAREN .  (21)

	.  reduce 21


state 105
	term : LPAREN FUNCT IDENT IDENT IDENT IDENT FARROW term IN . term RPAREN  (17)

	INT  shift 3
	LANGUAGE  shift 4
	STRING  shift 5
	IDENT  shift 6
	COMMENT  shift 7
	BEGIN  shift 8
	LPAREN  shift 9
	.  error

	term  goto 108


state 106
	term : LPAREN FUNCT IDENT IDENT IDENT FARROW term IN term . RPAREN  (16)

	RPAREN  shift 109
	.  error


state 107
	term : LPAREN FUNCT IDENT IDENT FARROW term IN term RPAREN .  (15)

	.  reduce 15


state 108
	term : LPAREN FUNCT IDENT IDENT IDENT IDENT FARROW term IN term . RPAREN  (17)

	RPAREN  shift 110
	.  error


state 109
	term : LPAREN FUNCT IDENT IDENT IDENT FARROW term IN term RPAREN .  (16)

	.  reduce 16


state 110
	term : LPAREN FUNCT IDENT IDENT IDENT IDENT FARROW term IN term RPAREN .  (17)

	.  reduce 17


State 30 contains 7 shift/reduce conflicts.


39 terminals, 4 nonterminals
34 grammar rules, 111 states
